get data ------------------------------------
Array
(
    [campaign_id] => 123
    [campaign_name] => PB Test
    [sid] => 555-AWM
    [sid2] => 
    [sid3] => 
    [commission] => 50.00
    [status] => 1
    [ip] => 122.169.91.158
    [test] => true
    [vc_value] => 20
    [leadID] => 12345678910
    [country] => US
)
get data ------------------------------------
Array
(
    [campaign_id] => 123
    [campaign_name] => PB Test
    [sid] => 555-AWM
    [sid2] => 
    [sid3] => 
    [commission] => 50.00
    [status] => 1
    [ip] => 122.169.91.158
    [test] => true
    [vc_value] => 20
    [leadID] => 12345678910
    [country] => US
)
get data ------------------------------------
Array
(
    [campaign_id] => 123
    [campaign_name] => PB Test
    [sid] => 555-AWM
    [sid2] => 
    [sid3] => 
    [commission] => 50.00
    [status] => 1
    [ip] => 122.169.91.158
    [test] => true
    [vc_value] => 20
    [leadID] => 12345678910
    [country] => US
)
get data ------------------------------------
Array
(
)
get data ------------------------------------
Array
(
)
get data ------------------------------------
Array
(
)
get data ------------------------------------
Array
(
)
get data ------------------------------------
Array
(
)
get data ------------------------------------
Array
(
)
get data ------------------------------------
Array
(
)
get data ------------------------------------
Array
(
)
get data ------------------------------------
Array
(
)
get data ------------------------------------
Array
(
)
get data ------------------------------------
Array
(
)
get data ------------------------------------
Array
(
)
get data ------------------------------------
Array
(
    [campaign_id] => 26634
    [campaign_name] => Quizdelivery - Spot the difference - SOI (INTL)
    [sid] => maulikpadamani
    [sid2] => 
    [sid3] => 
    [commission] => 0.04
    [status] => 1
    [ip] => 122.169.29.58
    [vc_value] => 0
    [leadID] => 607010955
    [country] => IN
)
get data ------------------------------------
Array
(
    [campaign_id] => 123
    [campaign_name] => PB Test
    [sid] => WjRlL3dLVGxkSEhnVURWWDM5dFN6QkU2SjBqbDRJSjY0TDNsSDBlUG1MVEZrdzNoZmxsQkUrREc5WEw3Q0lKMw==
    [sid2] => 
    [sid3] => 
    [commission] => 50.00
    [status] => 1
    [ip] => 122.169.29.58
    [test] => true
    [vc_value] => 20
    [leadID] => 12345678910
    [country] => US
)
get data ------------------------------------
Array
(
    [campaign_id] => 26633
    [campaign_name] => Videoquizstar - Flash Quiz - SOI (INTL)
    [sid] => WjRlL3dLVGxkSEhnVURWWDM5dFN6QkU2SjBqbDRJSjY0TDNsSDBlUG1MVEZrdzNoZmxsQkUrREc5WEw3Q0lKMw==
    [sid2] => 
    [sid3] => 
    [commission] => 0.07
    [status] => 1
    [ip] => 2405:204:8003:88be:cb3e:4696:5f0b:7341
    [vc_value] => 0
    [leadID] => 607090824
    [country] => IN
)
